2023.04.03; 16:42:26; Write from 1.1.23 to 3/6/0: 01
2023.04.03; 16:43:27; Write from 0.0.0 to 9/0/99: 01
2023.04.03; 16:43:28; Write from 1.1.22 to 3/2/0: 01
2023.04.03; 16:43:28; Write from 0.0.0 to 9/0/99: 01
2023.04.03; 16:43:29; Write from 1.1.22 to 3/4/0: 01
2023.04.03; 16:43:29; Write from 0.0.0 to 9/0/99: 01
2023.04.03; 16:43:30; Write from 0.0.0 to 9/0/99: 00
2023.04.03; 16:43:32; Write from 0.0.0 to 9/0/99: 01
2023.04.03; 16:43:33; Write from 0.0.0 to 9/0/99: 01
2023.04.03; 16:43:34; Write from 0.0.0 to 9/0/99: 01
2023.04.03; 16:43:34; Write from 0.0.0 to 3/0/10: 0B 63 
2023.04.03; 16:43:35; Write from 0.0.0 to 9/0/99: 01
2023.04.03; 16:43:35; Write from 0.0.0 to 9/0/99: 00
2023.04.03; 16:43:37; Write from 0.0.0 to 9/0/99: 01
2023.04.03; 16:43:38; Write from 0.0.0 to 9/0/99: 01
2023.04.03; 16:43:39; Write from 0.0.0 to 9/0/99: 01
2023.04.03; 16:43:40; Write from 0.0.0 to 9/0/99: 01
2023.04.03; 16:43:40; Write from 0.0.0 to 9/0/99: 00
2023.04.03; 16:43:41; Write from 0.0.0 to 3/0/10: 18 63 
2023.04.03; 16:43:41; Write from 0.0.0 to 3/0/10: 0D 00 
2023.04.03; 16:43:42; Write from 1.1.23 to 3/6/0: 01
2023.04.03; 16:43:42; Write from 1.1.1 to 1/0/1: 00
2023.04.03; 16:43:42; Write from 0.0.0 to 9/0/99: 01
2023.04.03; 16:43:43; Write from 0.0.0 to 9/0/99: 01
2023.04.03; 16:43:44; Write from 0.0.0 to 9/0/99: 01
2023.04.03; 16:43:45; Write from 0.0.0 to 9/0/99: 01
2023.04.03; 16:43:45; Write from 0.0.0 to 9/0/99: 00
2023.04.03; 16:43:46; Write from 0.0.0 to 9/0/99: 00
2023.04.03; 16:43:47; Write from 0.0.0 to 9/0/99: 00
2023.04.03; 16:43:48; Write from 0.0.0 to 9/0/99: 00
2023.04.03; 16:43:50; Write from 0.0.0 to 9/0/99: 01
2023.04.03; 16:43:51; Write from 1.1.2 to 1/0/2: 00
2023.04.03; 16:43:51; Write from 0.0.0 to 8/0/1: 01 74 00 FF 
2023.04.03; 16:43:51; Write from 0.0.0 to 8/0/20: 03 FD 
2023.04.03; 16:43:52; Write from 0.0.0 to 9/0/99: 01
2023.04.03; 16:43:52; Write from 0.0.0 to 9/0/99: 00
2023.04.03; 16:43:52; Write from 0.0.0 to 8/0/15: 01 B5 00 A0 
2023.04.03; 16:43:53; Write from 0.0.0 to 9/0/99: 00
2023.04.03; 16:43:53; Write from 0.0.0 to 8/0/9: 01 B9 00 DD 
2023.04.03; 16:43:54; Write from 0.0.0 to 9/0/99: 00
2023.04.03; 16:43:55; Write from 0.0.0 to 9/0/99: 00
2023.04.03; 16:43:55; Write from 1.1.22 to 3/2/0: 01
2023.04.03; 16:43:55; Write from 0.0.0 to 3/0/10: 14 63 
2023.04.03; 16:43:56; Write from 0.0.0 to 9/0/99: 00
2023.04.03; 16:43:57; Write from 0.0.0 to 3/0/10: 0C 63 
2023.04.03; 16:43:58; Write from 0.0.0 to 9/0/99: 00
2023.04.03; 16:43:58; Write from 1.1.22 to 3/4/0: 01
2023.04.03; 16:43:59; Write from 0.0.0 to 9/0/99: 01
2023.04.03; 16:44:00; Write from 0.0.0 to 9/0/99: 01
2023.04.03; 16:44:01; Write from 0.0.0 to 4/7/1: 02 6E 
2023.04.03; 16:44:01; Write from 0.0.0 to 4/7/6: 02 E8 
2023.04.03; 16:44:01; Write from 0.0.0 to 4/7/5: 03 B2 
2023.04.03; 16:44:01; Write from 0.0.0 to 1/2/8: 00 
2023.04.03; 16:44:01; Write from 0.0.0 to 9/0/99: 01
2023.04.03; 16:44:03; Write from 0.0.0 to 9/0/99: 01
2023.04.03; 16:44:03; Write from 0.0.0 to 9/0/99: 00
2023.04.03; 16:44:04; Write from 0.0.0 to 9/0/99: 00
2023.04.03; 16:44:05; Write from 0.0.0 to 9/0/99: 00
2023.04.03; 16:44:05; Write from 0.0.0 to 4/0/11: 01
2023.04.03; 16:44:05; Write from 0.0.0 to 1/2/18: 04 4C 00 6E 
2023.04.03; 16:44:06; Write from 0.0.0 to 9/0/99: 00
2023.04.03; 16:44:07; Write from 0.0.0 to 9/0/99: 00
2023.04.03; 16:44:07; Write from 1.1.23 to 3/6/0: 01
2023.04.03; 16:44:09; Write from 0.0.0 to 9/0/99: 01
2023.04.03; 16:44:10; Write from 0.0.0 to 9/0/99: 01
2023.04.03; 16:44:11; Write from 0.0.0 to 9/0/99: 01
2023.04.03; 16:44:12; Write from 0.0.0 to 9/0/99: 01
2023.04.03; 16:44:13; Write from 0.0.0 to 9/0/99: 01
2023.04.03; 16:44:13; Write from 0.0.0 to 3/0/10: 0D 00 
2023.04.03; 16:44:14; Write from 0.0.0 to 9/0/99: 01
2023.04.03; 16:44:15; Write from 0.0.0 to 9/0/99: 01
2023.04.03; 16:44:16; Write from 0.0.0 to 9/0/99: 01
2023.04.03; 16:44:17; Write from 0.0.0 to 9/0/99: 01
2023.04.03; 16:44:18; Write from 0.0.0 to 9/0/99: 01
2023.04.03; 16:44:19; Write from 0.0.0 to 9/0/99: 01
2023.04.03; 16:44:20; Write from 0.0.0 to 9/0/99: 01
2023.04.03; 16:44:21; Write from 0.0.0 to 9/0/99: 01
2023.04.03; 16:44:21; Write from 0.0.0 to 9/0/99: 00
2023.04.03; 16:44:22; Write from 1.1.22 to 3/2/0: 01
2023.04.03; 16:44:23; Write from 0.0.0 to 9/0/99: 01
2023.04.03; 16:44:24; Write from 0.0.0 to 9/0/99: 01
2023.04.03; 16:44:26; Write from 0.0.0 to 9/0/99: 01
2023.04.03; 16:44:26; Write from 0.0.0 to 3/0/10: 0B 63 
2023.04.03; 16:44:27; Write from 0.0.0 to 9/0/99: 01
2023.04.03; 16:44:27; Write from 0.0.0 to 3/0/10: 0A 63 
2023.04.03; 16:44:28; Write from 0.0.0 to 9/0/99: 01
2023.04.03; 16:44:28; Write from 1.1.22 to 3/4/0: 01
2023.04.03; 16:44:29; Write from 0.0.0 to 9/0/99: 01
2023.04.03; 16:44:30; Write from 0.0.0 to 9/0/99: 01
2023.04.03; 16:44:31; Write from 0.0.0 to 9/0/99: 01
2023.04.03; 16:44:32; Write from 0.0.0 to 9/0/99: 01
2023.04.03; 16:44:32; Write from 1.1.23 to 3/6/0: 01
2023.04.03; 16:44:33; Write from 0.0.0 to 9/0/99: 01
2023.04.03; 16:44:34; Write from 0.0.0 to 9/0/99: 01
2023.04.03; 16:44:34; Write from 0.0.0 to 8/0/16: 00 84 01 05 
2023.04.03; 16:44:35; Write from 0.0.0 to 9/0/99: 01
2023.04.03; 16:44:36; Write from 0.0.0 to 9/0/99: 01
2023.04.03; 16:44:36; Write from 0.0.0 to 8/0/2: 01 E9 00 E0 
2023.04.03; 16:44:37; Write from 0.0.0 to 9/0/99: 01
2023.04.03; 16:44:37; Write from 0.0.0 to 3/0/10: 0E 09 
2023.04.03; 16:44:38; Write from 0.0.0 to 9/0/99: 01
2023.04.03; 16:44:39; Write from 0.0.0 to 9/0/99: 01
2023.04.03; 16:44:39; Write from 0.0.0 to 9/0/99: 00
2023.04.03; 16:44:40; Write from 0.0.0 to 9/0/99: 00
2023.04.03; 16:44:41; Write from 0.0.0 to 9/0/99: 00
2023.04.03; 16:44:43; Write from 0.0.0 to 9/0/99: 01
2023.04.03; 16:44:44; Write from 0.0.0 to 9/0/99: 01
2023.04.03; 16:44:45; Write from 0.0.0 to 9/0/99: 01
2023.04.03; 16:44:46; Write from 0.0.0 to 9/0/99: 01
2023.04.03; 16:44:47; Write from 0.0.0 to 9/0/99: 01
2023.04.03; 16:44:48; Write from 0.0.0 to 9/0/99: 01
2023.04.03; 16:44:49; Write from 0.0.0 to 9/0/99: 00
2023.04.03; 16:44:50; Write from 1.1.22 to 3/2/0: 01
2023.04.03; 16:44:51; Write from 0.0.0 to 9/0/99: 01
2023.04.03; 16:44:51; Write from 0.0.0 to 3/0/10: 0C 63 
2023.04.03; 16:44:52; Write from 0.0.0 to 9/0/99: 01
2023.04.03; 16:44:53; Write from 0.0.0 to 9/0/99: 01
2023.04.03; 16:44:54; Write from 0.0.0 to 9/0/99: 01
2023.04.03; 16:44:54; Write from 0.0.0 to 9/0/99: 00
2023.04.03; 16:44:56; Write from 0.0.0 to 9/0/99: 01
2023.04.03; 16:44:57; Write from 0.0.0 to 9/0/99: 01
2023.04.03; 16:44:57; Write from 1.1.22 to 3/4/0: 01
2023.04.03; 16:44:57; Write from 1.1.23 to 3/6/0: 01
2023.04.03; 16:44:58; Write from 0.0.0 to 8/0/8: 01 2F 00 B3 
2023.04.03; 16:44:58; Write from 0.0.0 to 9/0/99: 01
2023.04.03; 16:44:59; Write from 0.0.0 to 3/0/10: 14 63 
2023.04.03; 16:44:59; Write from 0.0.0 to 9/0/99: 01
2023.04.03; 16:44:59; Write from 0.0.0 to 9/0/99: 00
2023.04.03; 16:45:00; Write from 0.0.0 to 4/7/1: 02 70 
2023.04.03; 16:45:01; Write from 0.0.0 to 4/7/6: 02 E6 
2023.04.03; 16:45:01; Write from 0.0.0 to 4/7/5: 03 B2 
2023.04.03; 16:45:01; Write from 0.0.0 to 9/0/99: 01
2023.04.03; 16:45:01; Write from 0.0.0 to 1/2/8: 00 
2023.04.03; 16:45:02; Write from 0.0.0 to 9/0/99: 01
2023.04.03; 16:45:04; Write from 1.1.3 to 1/0/3: 00
2023.04.03; 16:45:05; Write from 0.0.0 to 4/0/11: 01
2023.04.03; 16:45:05; Write from 0.0.0 to 1/2/18: 04 4C 00 6E 
2023.04.03; 16:45:06; Write from 0.0.0 to 9/0/99: 00
2023.04.03; 16:45:08; Write from 0.0.0 to 9/0/99: 01
2023.04.03; 16:45:09; Write from 0.0.0 to 9/0/99: 01
2023.04.03; 16:45:09; Write from 0.0.0 to 3/0/10: 18 63 
2023.04.03; 16:45:10; Write from 0.0.0 to 9/0/99: 01
2023.04.03; 16:45:10; Write from 0.0.0 to 3/0/10: 0D 00 
2023.04.03; 16:45:11; Write from 0.0.0 to 9/0/99: 01
2023.04.03; 16:45:11; Write from 0.0.0 to 9/0/99: 00
2023.04.03; 16:45:12; Write from 0.0.0 to 9/0/99: 00
2023.04.03; 16:45:14; Write from 0.0.0 to 9/0/99: 01
2023.04.03; 16:45:15; Write from 0.0.0 to 9/0/99: 01
2023.04.03; 16:45:16; Write from 0.0.0 to 9/0/99: 01
2023.04.03; 16:45:17; Write from 1.1.22 to 3/2/0: 01
2023.04.03; 16:45:17; Write from 0.0.0 to 9/0/99: 01
2023.04.03; 16:45:17; Write from 0.0.0 to 9/0/99: 00
2023.04.03; 16:45:18; Write from 0.0.0 to 3/0/10: 0B 63 
2023.04.03; 16:45:19; Write from 0.0.0 to 9/0/99: 01
2023.04.03; 16:45:20; Write from 0.0.0 to 9/0/99: 01
2023.04.03; 16:45:21; Write from 0.0.0 to 9/0/99: 01
2023.04.03; 16:45:22; Write from 0.0.0 to 9/0/99: 01
2023.04.03; 16:45:22; Write from 0.0.0 to 9/0/99: 00
2023.04.03; 16:45:22; Write from 1.1.23 to 3/6/0: 01
2023.04.03; 16:45:23; Write from 0.0.0 to 1/2/10: 02 39 
2023.04.03; 16:45:23; Write from 0.0.0 to 1/2/10: 01 95 01 
2023.04.03; 16:45:23; Write from 0.0.0 to 1/2/10: 02 5D 02 
2023.04.03; 16:45:23; Write from 0.0.0 to 1/2/11: 01 85 
2023.04.03; 16:45:23; Write from 0.0.0 to 1/2/11: 00 E1 01 
2023.04.03; 16:45:23; Write from 0.0.0 to 1/2/11: 01 EF 02 
2023.04.03; 16:45:24; Write from 0.0.0 to 9/0/99: 01
2023.04.03; 16:45:25; Write from 0.0.0 to 9/0/99: 01
2023.04.03; 16:45:26; Write from 0.0.0 to 9/0/99: 01
2023.04.03; 16:45:26; Write from 1.1.22 to 3/4/0: 01
2023.04.03; 16:45:27; Write from 0.0.0 to 9/0/99: 01
2023.04.03; 16:45:27; Write from 0.0.0 to 9/0/99: 00
2023.04.03; 16:45:28; Write from 0.0.0 to 4/0/9: 01
2023.04.03; 16:45:29; Write from 0.0.0 to 9/0/99: 01
2023.04.03; 16:45:30; Write from 0.0.0 to 9/0/99: 01
2023.04.03; 16:45:31; Write from 0.0.0 to 3/0/10: 0A 63 
2023.04.03; 16:45:31; Write from 0.0.0 to 9/0/99: 01
2023.04.03; 16:45:32; Write from 0.0.0 to 9/0/99: 01
2023.04.03; 16:45:33; Write from 0.0.0 to 9/0/99: 00
2023.04.03; 16:45:35; Write from 0.0.0 to 9/0/99: 01
2023.04.03; 16:45:36; Write from 0.0.0 to 9/0/99: 01
2023.04.03; 16:45:37; Write from 0.0.0 to 9/0/99: 01
2023.04.03; 16:45:38; Write from 0.0.0 to 9/0/99: 01
2023.04.03; 16:45:39; Write from 0.0.0 to 9/0/99: 01
2023.04.03; 16:45:39; Write from 0.0.0 to 9/0/99: 00
2023.04.03; 16:45:40; Write from 0.0.0 to 3/0/10: 0E 08 
2023.04.03; 16:45:41; Write from 0.0.0 to 9/0/99: 01
2023.04.03; 16:45:42; Write from 0.0.0 to 9/0/99: 01
2023.04.03; 16:45:43; Write from 0.0.0 to 9/0/99: 01
2023.04.03; 16:45:44; Write from 0.0.0 to 9/0/99: 01
2023.04.03; 16:45:44; Write from 1.1.22 to 3/2/0: 01
2023.04.03; 16:45:44; Write from 0.0.0 to 9/0/99: 00
2023.04.03; 16:45:45; Write from 0.0.0 to 3/0/10: 0C 63 
2023.04.03; 16:45:45; Write from 0.0.0 to 9/0/99: 00
2023.04.03; 16:45:47; Write from 0.0.0 to 9/0/99: 01
2023.04.03; 16:45:47; Write from 1.1.23 to 3/6/0: 01
2023.04.03; 16:45:48; Write from 0.0.0 to 9/0/99: 01
2023.04.03; 16:45:49; Write from 0.0.0 to 9/0/99: 01
2023.04.03; 16:45:50; Write from 0.0.0 to 9/0/99: 01
2023.04.03; 16:45:50; Write from 0.0.0 to 9/0/99: 00
2023.04.03; 16:45:51; Write from 0.0.0 to 8/0/1: 01 73 01 00 
2023.04.03; 16:45:51; Write from 0.0.0 to 8/0/20: 03 FD 
2023.04.03; 16:45:52; Write from 0.0.0 to 8/0/15: 01 B6 00 A0 
2023.04.03; 16:45:52; Write from 0.0.0 to 9/0/99: 01
2023.04.03; 16:45:53; Write from 0.0.0 to 9/0/99: 01
2023.04.03; 16:45:53; Write from 0.0.0 to 8/0/9: 01 B8 00 DD 
2023.04.03; 16:45:54; Write from 0.0.0 to 9/0/99: 01
2023.04.03; 16:45:56; Write from 1.1.22 to 3/4/0: 01
2023.04.03; 16:45:57; Write from 0.0.0 to 9/0/99: 00
2023.04.03; 16:45:58; Write from 0.0.0 to 9/0/99: 00
2023.04.03; 16:45:59; Write from 0.0.0 to 9/0/99: 00
2023.04.03; 16:46:01; Write from 0.0.0 to 4/7/6: 02 E6 
2023.04.03; 16:46:01; Write from 0.0.0 to 4/7/1: 02 70 
2023.04.03; 16:46:01; Write from 0.0.0 to 4/7/5: 03 B2 
2023.04.03; 16:46:01; Write from 0.0.0 to 1/2/8: 00 
2023.04.03; 16:46:01; Write from 0.0.0 to 9/0/99: 01
2023.04.03; 16:46:02; Write from 0.0.0 to 9/0/99: 01
2023.04.03; 16:46:03; Write from 0.0.0 to 3/0/10: 14 63 
2023.04.03; 16:46:03; Write from 0.0.0 to 9/0/99: 01
2023.04.03; 16:46:04; Write from 0.0.0 to 9/0/99: 01
2023.04.03; 16:46:04; Write from 0.0.0 to 9/0/99: 00
2023.04.03; 16:46:05; Write from 0.0.0 to 4/0/11: 01
2023.04.03; 16:46:05; Write from 0.0.0 to 1/2/18: 04 4C 00 6E 
2023.04.03; 16:46:05; Write from 0.0.0 to 9/0/99: 00
2023.04.03; 16:46:06; Write from 0.0.0 to 9/0/99: 00
2023.04.03; 16:46:07; Write from 0.0.0 to 3/0/10: 0D 00 
2023.04.03; 16:46:07; Write from 0.0.0 to 9/0/99: 00
2023.04.03; 16:46:08; Write from 0.0.0 to 9/0/99: 00
2023.04.03; 16:46:09; Write from 0.0.0 to 3/0/10: 0B 63 
2023.04.03; 16:46:10; Write from 1.1.7 to 1/0/7: 00
2023.04.03; 16:46:10; Write from 0.0.0 to 9/0/99: 01
2023.04.03; 16:46:11; Write from 0.0.0 to 9/0/99: 01
2023.04.03; 16:46:12; Write from 1.1.22 to 3/2/0: 01
2023.04.03; 16:46:12; Write from 0.0.0 to 3/0/10: 18 63 
2023.04.03; 16:46:12; Write from 0.0.0 to 9/0/99: 01
2023.04.03; 16:46:13; Write from 1.1.23 to 3/6/0: 01
2023.04.03; 16:46:13; Write from 0.0.0 to 9/0/99: 01
2023.04.03; 16:46:13; Write from 0.0.0 to 9/0/99: 00
2023.04.03; 16:46:15; Write from 0.0.0 to 9/0/99: 01
2023.04.03; 16:46:16; Write from 0.0.0 to 9/0/99: 01
2023.04.03; 16:46:17; Write from 0.0.0 to 9/0/99: 01
2023.04.03; 16:46:19; Write from 0.0.0 to 9/0/99: 01
2023.04.03; 16:46:19; Write from 0.0.0 to 9/0/99: 00
2023.04.03; 16:46:20; Write from 0.0.0 to 9/0/99: 00
2023.04.03; 16:46:21; Write from 0.0.0 to 9/0/99: 00
2023.04.03; 16:46:22; Write from 0.0.0 to 9/0/99: 00
2023.04.03; 16:46:23; Write from 0.0.0 to 9/0/99: 00
2023.04.03; 16:46:24; Write from 0.0.0 to 9/0/99: 00
2023.04.03; 16:46:25; Write from 0.0.0 to 9/0/99: 00
2023.04.03; 16:46:25; Write from 1.1.22 to 3/4/0: 01
2023.04.03; 16:46:26; Write from 0.0.0 to 9/0/99: 00
2023.04.03; 16:46:27; Write from 0.0.0 to 9/0/99: 00
2023.04.03; 16:46:28; Write from 0.0.0 to 9/0/99: 00
2023.04.03; 16:46:29; Write from 0.0.0 to 9/0/99: 00
2023.04.03; 16:46:30; Write from 0.0.0 to 9/0/99: 00
2023.04.03; 16:46:31; Write from 0.0.0 to 9/0/99: 00
2023.04.03; 16:46:32; Write from 0.0.0 to 9/0/99: 00
2023.04.03; 16:46:33; Write from 0.0.0 to 9/0/99: 00
2023.04.03; 16:46:34; Write from 0.0.0 to 8/0/16: 00 85 01 04 
2023.04.03; 16:46:34; Write from 0.0.0 to 9/0/99: 00
2023.04.03; 16:46:35; Write from 0.0.0 to 3/0/10: 0A 63 
2023.04.03; 16:46:36; Write from 0.0.0 to 8/0/2: 01 E9 00 E0 
2023.04.03; 16:46:38; Write from 1.1.23 to 3/6/0: 01
2023.04.03; 16:46:38; Write from 0.0.0 to 9/0/99: 00
2023.04.03; 16:46:39; Write from 0.0.0 to 3/0/10: 0C 63 
2023.04.03; 16:46:39; Write from 1.1.22 to 3/2/0: 01
2023.04.03; 16:46:39; Write from 0.0.0 to 9/0/99: 00
2023.04.03; 16:46:41; Write from 0.0.0 to 9/0/99: 00
2023.04.03; 16:46:42; Write from 0.0.0 to 9/0/99: 01
2023.04.03; 16:46:44; Write from 0.0.0 to 9/0/99: 01
2023.04.03; 16:46:44; Write from 0.0.0 to 9/0/99: 00
2023.04.03; 16:46:45; Write from 0.0.0 to 9/0/99: 00
2023.04.03; 16:46:45; Write from 0.0.0 to 3/0/10: 0E 0B 
2023.04.03; 16:46:46; Write from 0.0.0 to 9/0/99: 00
2023.04.03; 16:46:47; Write from 0.0.0 to 9/0/99: 00
2023.04.03; 16:46:48; Write from 0.0.0 to 9/0/99: 00
2023.04.03; 16:46:49; Write from 0.0.0 to 9/0/99: 00
2023.04.03; 16:46:51; Write from 0.0.0 to 9/0/99: 01
2023.04.03; 16:46:52; Write from 0.0.0 to 9/0/99: 01
2023.04.03; 16:46:53; Write from 0.0.0 to 9/0/99: 01
2023.04.03; 16:46:54; Write from 0.0.0 to 9/0/99: 01
2023.04.03; 16:46:54; Write from 0.0.0 to 9/0/99: 00
2023.04.03; 16:46:54; Write from 1.1.22 to 3/4/0: 01
2023.04.03; 16:46:55; Write from 0.0.0 to 9/0/99: 00
2023.04.03; 16:46:56; Write from 0.0.0 to 9/0/99: 00
2023.04.03; 16:46:57; Write from 0.0.0 to 9/0/99: 00
2023.04.03; 16:46:57; Write from 0.0.0 to 8/0/8: 01 2E 00 B3 
2023.04.03; 16:46:58; Write from 0.0.0 to 9/0/99: 00
2023.04.03; 16:47:00; Write from 0.0.0 to 9/0/99: 01
2023.04.03; 16:47:01; Write from 0.0.0 to 4/7/6: 02 E6 
2023.04.03; 16:47:01; Write from 0.0.0 to 4/7/1: 02 70 
2023.04.03; 16:47:01; Write from 0.0.0 to 4/7/5: 03 B7 
2023.04.03; 16:47:01; Write from 0.0.0 to 1/2/8: 00 
2023.04.03; 16:47:01; Write from 0.0.0 to 9/0/99: 01
2023.04.03; 16:47:01; Write from 0.0.0 to 3/0/10: 0B 63 
2023.04.03; 16:47:02; Write from 0.0.0 to 9/0/99: 01
2023.04.03; 16:47:03; Write from 0.0.0 to 3/0/10: 0D 03 
2023.04.03; 16:47:03; Write from 1.1.23 to 3/6/0: 01
2023.04.03; 16:47:03; Write from 0.0.0 to 9/0/99: 01
2023.04.03; 16:47:04; Write from 1.1.9 to 1/3/0: 19 1C 
2023.04.03; 16:47:04; Write from 0.0.0 to 9/0/99: 01
2023.04.03; 16:47:05; Write from 0.0.0 to 4/0/11: 01
2023.04.03; 16:47:05; Write from 0.0.0 to 1/2/18: 04 4C 00 6E 
2023.04.03; 16:47:05; Write from 0.0.0 to 9/0/99: 01
2023.04.03; 16:47:06; Write from 0.0.0 to 8/0/14: 01 54 00 7C 
2023.04.03; 16:47:06; Write from 1.1.22 to 3/2/0: 01
2023.04.03; 16:47:06; Write from 0.0.0 to 3/0/10: 14 63 
2023.04.03; 16:47:06; Write from 0.0.0 to 9/0/99: 01
2023.04.03; 16:47:07; Write from 0.0.0 to 9/0/99: 01
2023.04.03; 16:47:08; Write from 0.0.0 to 9/0/99: 01
2023.04.03; 16:47:09; Write from 0.0.0 to 9/0/99: 01
2023.04.03; 16:47:10; Write from 0.0.0 to 9/0/99: 01
2023.04.03; 16:47:12; Write from 0.0.0 to 9/0/99: 01
2023.04.03; 16:47:13; Write from 0.0.0 to 9/0/99: 01
2023.04.03; 16:47:13; Write from 0.0.0 to 9/0/99: 00
2023.04.03; 16:47:15; Write from 0.0.0 to 9/0/99: 01
2023.04.03; 16:47:16; Write from 0.0.0 to 9/0/99: 01
2023.04.03; 16:47:16; Write from 0.0.0 to 3/0/10: 18 63 
2023.04.03; 16:47:17; Write from 0.0.0 to 9/0/99: 01
2023.04.03; 16:47:18; Write from 0.0.0 to 9/0/99: 01
2023.04.03; 16:47:19; Write from 0.0.0 to 9/0/99: 01
2023.04.03; 16:47:22; Write from 0.0.0 to 9/0/99: 01
2023.04.03; 16:47:23; Write from 0.0.0 to 9/0/99: 01
2023.04.03; 16:47:24; Write from 0.0.0 to 9/0/99: 01
2023.04.03; 16:47:24; Write from 1.1.22 to 3/4/0: 01
2023.04.03; 16:47:25; Write from 0.0.0 to 9/0/99: 01
2023.04.03; 16:47:26; Write from 0.0.0 to 9/0/99: 01
2023.04.03; 16:47:27; Write from 0.0.0 to 9/0/99: 01
2023.04.03; 16:47:28; Write from 0.0.0 to 9/0/99: 01
2023.04.03; 16:47:28; Write from 0.0.0 to 9/0/99: 00
2023.04.03; 16:47:28; Write from 1.1.23 to 3/6/0: 01
2023.04.03; 16:47:29; Write from 0.0.0 to 9/0/99: 00
2023.04.03; 16:47:30; Write from 0.0.0 to 9/0/99: 00
2023.04.03; 16:47:32; Write from 0.0.0 to 9/0/99: 01
2023.04.03; 16:47:32; Write from 0.0.0 to 3/0/10: 0C 63 
2023.04.03; 16:47:33; Write from 0.0.0 to 9/0/99: 01
2023.04.03; 16:47:33; Write from 1.1.22 to 3/2/0: 01
2023.04.03; 16:47:34; Write from 0.0.0 to 3/0/10: 0D 00 
2023.04.03; 16:47:34; Write from 0.0.0 to 9/0/99: 01
2023.04.03; 16:47:35; Write from 0.0.0 to 9/0/99: 01
2023.04.03; 16:47:36; Write from 0.0.0 to 9/0/99: 01
2023.04.03; 16:47:37; Write from 0.0.0 to 1/4/1: 00 
2023.04.03; 16:47:37; Write from 0.0.0 to 9/0/99: 01
2023.04.03; 16:47:37; Write from 0.0.0 to 9/0/99: 00
2023.04.03; 16:47:38; Write from 0.0.0 to 3/0/10: 0A 63 
2023.04.03; 19:45:55; Write from 0.0.0 to 9/0/99: 01
2023.04.03; 19:45:55; Write from 0.0.0 to 9/0/99: 00
2023.04.03; 19:45:56; Write from 0.0.0 to 9/0/99: 00
2023.04.03; 19:45:57; Write from 0.0.0 to 9/0/99: 00
2023.04.03; 19:45:58; Write from 0.0.0 to 9/0/99: 00
2023.04.03; 19:45:59; Write from 0.0.0 to 8/0/1: 01 61 00 F7 
2023.04.03; 19:45:59; Write from 0.0.0 to 8/0/20: 03 FD 
2023.04.03; 19:45:59; Write from 0.0.0 to 9/0/99: 00
2023.04.03; 19:46:00; Write from 1.1.24 to 3/0/3: 01
2023.04.03; 19:46:00; Write from 1.1.22 to 3/4/0: 01
2023.04.03; 19:46:00; Write from 0.0.0 to 8/0/9: 01 A0 00 D9 
2023.04.03; 19:46:00; Write from 0.0.0 to 4/7/6: 01 C6 
2023.04.03; 19:46:01; Write from 0.0.0 to 4/7/1: 01 B9 
2023.04.03; 19:46:02; Write from 0.0.0 to 4/7/5: 02 C4 
2023.04.03; 19:46:02; Write from 0.0.0 to 9/0/99: 01
2023.04.03; 19:46:02; Write from 0.0.0 to 1/2/8: 00 
2023.04.03; 19:46:14; Write from 0.0.0 to 3/0/10: 0D 00 
2023.04.03; 19:46:14; Write from 0.0.0 to 9/0/99: 01
2023.04.03; 19:46:14; Write from 0.0.0 to 8/0/15: 01 B4 00 A0 
2023.04.03; 19:46:14; Write from 0.0.0 to 9/0/99: 01
2023.04.03; 19:46:14; Write from 0.0.0 to 9/0/99: 01
2023.04.03; 19:46:14; Write from 0.0.0 to 9/0/99: 00
2023.04.03; 19:46:14; Write from 0.0.0 to 9/0/99: 01
2023.04.03; 19:46:14; Write from 1.1.22 to 3/2/0: 01
2023.04.03; 19:46:15; Write from 0.0.0 to 9/0/99: 01
2023.04.03; 19:46:15; Write from 0.0.0 to 9/0/99: 01
2023.04.03; 19:46:15; Write from 1.1.23 to 3/6/0: 01
2023.04.03; 19:46:15; Write from 0.0.0 to 9/0/99: 01
2023.04.03; 19:46:15; Write from 0.0.0 to 9/0/99: 00
2023.04.03; 19:46:15; Write from 1.1.24 to 3/0/3: 01
2023.04.03; 19:46:15; Write from 0.0.0 to 9/0/99: 00
2023.04.03; 19:46:15; Write from 0.0.0 to 9/0/99: 00
2023.04.03; 19:46:15; Write from 0.0.0 to 9/0/99: 00
2023.04.03; 19:46:15; Write from 0.0.0 to 9/0/99: 00
2023.04.03; 19:46:15; Write from 0.0.0 to 9/0/99: 00
2023.04.03; 19:46:15; Write from 0.0.0 to 3/0/10: 0A 63 
2023.04.03; 19:46:16; Write from 0.0.0 to 3/0/10: 0E 0C 
2023.04.03; 19:46:16; Write from 0.0.0 to 3/0/10: 0B 63 
2023.04.03; 19:46:17; Write from 1.1.5 to 1/3/5: 19 19 
2023.04.03; 19:46:17; Write from 0.0.0 to 9/0/99: 00
2023.04.03; 19:46:18; Write from 0.0.0 to 9/0/99: 00
2023.04.03; 19:46:19; Write from 0.0.0 to 9/0/99: 00
2023.04.03; 19:46:20; Write from 0.0.0 to 9/0/99: 00
2023.04.03; 19:46:21; Write from 1.1.24 to 3/0/3: 01
2023.04.03; 19:46:21; Write from 0.0.0 to 9/0/99: 00
2023.04.03; 19:46:22; Write from 0.0.0 to 3/0/10: 0C 63 
2023.04.03; 19:46:23; Write from 0.0.0 to 9/0/99: 00
2023.04.03; 19:46:24; Write from 0.0.0 to 9/0/99: 00
2023.04.03; 19:46:25; Write from 0.0.0 to 9/0/99: 00
2023.04.03; 19:46:25; Write from 0.0.0 to 4/0/11: 01
2023.04.03; 19:46:25; Write from 0.0.0 to 1/2/18: 04 4C 00 6B 
2023.04.03; 19:46:26; Write from 0.0.0 to 9/0/99: 00
2023.04.03; 19:46:27; Write from 0.0.0 to 9/0/99: 00
2023.04.03; 19:46:28; Write from 0.0.0 to 9/0/99: 00
2023.04.03; 19:46:29; Write from 0.0.0 to 9/0/99: 00
2023.04.03; 19:46:30; Write from 1.1.22 to 3/4/0: 01
2023.04.03; 19:46:30; Write from 0.0.0 to 9/0/99: 00
2023.04.03; 19:46:31; Write from 1.1.24 to 3/0/3: 01
2023.04.03; 19:46:32; Write from 0.0.0 to 9/0/99: 01
2023.04.03; 19:46:33; Write from 0.0.0 to 9/0/99: 01
2023.04.03; 19:46:33; Write from 0.0.0 to 9/0/99: 00
2023.04.03; 19:46:34; Write from 1.1.23 to 3/6/0: 01
2023.04.03; 19:46:34; Write from 0.0.0 to 9/0/99: 00
2023.04.03; 19:46:35; Write from 1.1.22 to 3/2/0: 01
2023.04.03; 19:46:35; Write from 0.0.0 to 9/0/99: 00
2023.04.03; 19:46:36; Write from 0.0.0 to 9/0/99: 00
2023.04.03; 19:46:37; Write from 0.0.0 to 9/0/99: 00
2023.04.03; 19:46:38; Write from 0.0.0 to 9/0/99: 00
2023.04.03; 19:46:40; Write from 0.0.0 to 9/0/99: 01
2023.04.03; 19:46:41; Write from 0.0.0 to 9/0/99: 01
2023.04.03; 19:46:42; Write from 1.1.24 to 3/0/3: 01
2023.04.03; 19:46:42; Write from 0.0.0 to 8/0/16: 00 88 01 02 
2023.04.03; 19:46:42; Write from 0.0.0 to 9/0/99: 01
2023.04.03; 19:46:43; Write from 0.0.0 to 8/0/2: 01 DA 00 E2 
2023.04.03; 19:46:43; Write from 0.0.0 to 9/0/99: 01
2023.04.03; 19:46:43; Write from 0.0.0 to 9/0/99: 00
2023.04.03; 19:46:44; Write from 0.0.0 to 9/0/99: 00
2023.04.03; 19:46:45; Write from 0.0.0 to 3/0/10: 18 00 
2023.04.03; 19:46:45; Write from 0.0.0 to 9/0/99: 00
2023.04.03; 19:46:46; Write from 0.0.0 to 9/0/99: 00
2023.04.03; 19:46:47; Write from 0.0.0 to 3/0/10: 14 63 
2023.04.03; 19:46:48; Write from 0.0.0 to 9/0/99: 00
2023.04.03; 19:46:50; Write from 0.0.0 to 9/0/99: 01
2023.04.03; 19:46:51; Write from 0.0.0 to 9/0/99: 01
2023.04.03; 19:46:52; Write from 0.0.0 to 9/0/99: 01
2023.04.03; 19:46:52; Write from 1.1.24 to 3/0/3: 01
2023.04.03; 19:46:53; Write from 0.0.0 to 9/0/99: 01
2023.04.03; 19:46:54; Write from 0.0.0 to 9/0/99: 01
2023.04.03; 19:46:55; Write from 0.0.0 to 9/0/99: 01
2023.04.03; 19:46:56; Write from 0.0.0 to 9/0/99: 01
2023.04.03; 19:46:56; Write from 1.1.1 to 1/3/1: 19 21 
2023.04.03; 19:46:56; Write from 1.1.9 to 1/3/0: 19 21 
2023.04.03; 19:46:57; Write from 0.0.0 to 9/0/99: 01
2023.04.03; 19:46:57; Write from 0.0.0 to 3/0/10: 0D 00 
2023.04.03; 19:46:58; Write from 0.0.0 to 9/0/99: 01
2023.04.03; 19:46:59; Write from 1.1.2 to 1/3/2: 18 E7 
2023.04.03; 19:46:59; Write from 0.0.0 to 9/0/99: 01
2023.04.03; 19:46:59; Write from 1.1.22 to 3/4/0: 01
2023.04.03; 19:46:59; Write from 1.1.23 to 3/6/0: 01
2023.04.03; 19:47:00; Write from 0.0.0 to 9/0/99: 01
2023.04.03; 19:47:01; Write from 0.0.0 to 4/7/6: 01 CA 
2023.04.03; 19:47:01; Write from 0.0.0 to 4/7/1: 01 B9 
2023.04.03; 19:47:01; Write from 0.0.0 to 4/7/5: 02 C1 
2023.04.03; 19:47:01; Write from 0.0.0 to 9/0/99: 01
2023.04.03; 19:47:01; Write from 0.0.0 to 1/2/8: 00 
2023.04.03; 19:47:02; Write from 0.0.0 to 9/0/99: 01
2023.04.03; 19:47:02; Write from 1.1.22 to 3/2/0: 01
2023.04.03; 19:47:02; Write from 0.0.0 to 9/0/99: 00
2023.04.03; 19:47:03; Write from 1.1.24 to 3/0/3: 01
2023.04.03; 19:47:04; Write from 0.0.0 to 9/0/99: 01
2023.04.03; 19:47:04; Write from 1.1.16 to 0/0/17: 01
2023.04.03; 19:47:04; Write from 0.0.0 to 1/4/0: 01
2023.04.03; 19:47:04; Write from 0.0.0 to 1/4/0: 01
2023.04.03; 19:47:05; Write from 0.0.0 to 8/0/8: 01 80 00 B5 
2023.04.03; 19:47:05; Write from 0.0.0 to 9/0/99: 01
2023.04.03; 19:47:06; Write from 0.0.0 to 9/0/99: 01
2023.04.03; 19:47:07; Write from 0.0.0 to 9/0/99: 01
2023.04.03; 19:47:08; Write from 0.0.0 to 9/0/99: 01
2023.04.03; 19:47:08; Write from 0.0.0 to 3/0/10: 0B 63 
2023.04.03; 19:47:09; Write from 0.0.0 to 8/0/14: 01 86 00 81 
2023.04.03; 19:47:09; Write from 0.0.0 to 1/4/19: 01 
2023.04.03; 19:47:09; Write from 0.0.0 to 9/0/99: 01
2023.04.03; 19:47:10; Write from 0.0.0 to 9/0/99: 01
2023.04.03; 19:47:11; Write from 0.0.0 to 9/0/99: 01
2023.04.03; 19:47:12; Write from 0.0.0 to 9/0/99: 01
2023.04.03; 19:47:13; Write from 1.1.24 to 3/0/3: 01
2023.04.03; 19:47:13; Write from 0.0.0 to 9/0/99: 01
2023.04.03; 19:47:14; Write from 0.0.0 to 1/4/19: 00 
2023.04.03; 19:47:14; Write from 0.0.0 to 9/0/99: 01
2023.04.03; 19:47:14; Write from 1.1.13 to 0/0/1: 01
2023.04.03; 19:47:15; Write from 0.0.0 to 1/4/10: 01
2023.04.03; 19:47:15; Write from 0.0.0 to 1/4/10: 01
2023.04.03; 19:47:15; Write from 0.0.0 to 9/0/99: 01
2023.04.03; 19:47:16; Write from 0.0.0 to 3/0/10: 0C 63 
2023.04.03; 19:47:16; Write from 0.0.0 to 9/0/99: 01
2023.04.03; 19:47:17; Write from 0.0.0 to 9/0/99: 00
2023.04.03; 19:47:17; Write from 0.0.0 to 3/0/10: 0E 0F 
2023.04.03; 19:47:18; Write from 0.0.0 to 1/4/19: 01 
2023.04.03; 19:47:18; Write from 0.0.0 to 9/0/99: 00
2023.04.03; 19:47:19; Write from 0.0.0 to 3/0/10: 0A 63 
2023.04.03; 19:47:19; Write from 0.0.0 to 9/0/99: 00
2023.04.03; 19:47:19; Write from 0.0.0 to 1/4/19: 00 
2023.04.03; 19:47:19; Write from 0.0.0 to 1/4/19: 01 
2023.04.03; 19:47:21; Write from 0.0.0 to 9/0/99: 01
2023.04.03; 19:47:22; Write from 0.0.0 to 9/0/99: 01
2023.04.03; 19:47:23; Write from 0.0.0 to 9/0/99: 01
2023.04.03; 19:47:24; Write from 1.1.24 to 3/0/3: 01
2023.04.03; 19:47:24; Write from 0.0.0 to 9/0/99: 01
2023.04.03; 19:47:24; Write from 1.1.23 to 3/6/0: 01
2023.04.03; 19:47:25; Write from 0.0.0 to 4/0/11: 01
2023.04.03; 19:47:25; Write from 0.0.0 to 1/2/18: 04 4C 00 6B 
2023.04.03; 19:47:25; Write from 0.0.0 to 9/0/99: 01
2023.04.03; 19:47:26; Write from 0.0.0 to 9/0/99: 01
2023.04.03; 19:47:26; Write from 0.0.0 to 9/0/99: 00
2023.04.03; 19:47:28; Write from 0.0.0 to 9/0/99: 01
2023.04.03; 19:47:28; Write from 1.1.22 to 3/4/0: 01
2023.04.03; 19:47:29; Write from 1.1.13 to 0/0/1: 00
2023.04.03; 19:47:29; Write from 0.0.0 to 1/4/10: 00
2023.04.03; 19:47:29; Write from 0.0.0 to 1/4/10: 00
2023.04.03; 19:47:29; Write from 0.0.0 to 9/0/99: 01
2023.04.03; 19:47:29; Write from 1.1.22 to 3/2/0: 01
2023.04.03; 19:47:30; Write from 0.0.0 to 9/0/99: 01
2023.04.03; 19:47:31; Write from 1.1.16 to 0/0/17: 00
2023.04.03; 19:47:31; Write from 0.0.0 to 1/4/0: 00
2023.04.03; 19:47:31; Write from 0.0.0 to 1/4/0: 00
2023.04.03; 19:47:31; Write from 0.0.0 to 9/0/99: 01
2023.04.03; 19:47:31; Write from 0.0.0 to 9/0/99: 00
2023.04.03; 19:47:33; Write from 0.0.0 to 9/0/99: 01
2023.04.03; 19:47:33; Write from 0.0.0 to 1/4/19: 01 
2023.04.03; 19:47:33; Write from 0.0.0 to 1/4/19: 00 
2023.04.03; 19:47:34; Write from 1.1.24 to 3/0/3: 01
2023.04.03; 19:47:34; Write from 0.0.0 to 9/0/99: 01
2023.04.03; 19:47:34; Write from 1.1.13 to 0/0/1: 01
2023.04.03; 19:47:34; Write from 0.0.0 to 1/4/10: 01
2023.04.03; 19:47:35; Write from 0.0.0 to 1/4/10: 01
2023.04.03; 19:47:35; Write from 0.0.0 to 9/0/99: 01
2023.04.03; 19:47:36; Write from 0.0.0 to 9/0/99: 01
2023.04.03; 19:47:36; Write from 0.0.0 to 9/0/99: 00
2023.04.03; 19:47:38; Write from 0.0.0 to 9/0/99: 01
2023.04.03; 19:47:39; Write from 0.0.0 to 9/0/99: 01
2023.04.03; 19:47:41; Write from 0.0.0 to 9/0/99: 01
2023.04.03; 19:47:41; Write from 1.1.9 to 4/0/2: 00
2023.04.03; 19:47:42; Write from 0.0.0 to 9/0/99: 01
2023.04.03; 19:47:42; Write from 0.0.0 to 9/0/99: 00
2023.04.03; 19:47:42; Write from 0.0.0 to 4/3/1: 00 
2023.04.03; 19:47:43; Write from 0.0.0 to 20/0/61: 00
2023.04.03; 19:47:43; Write from 0.0.0 to 20/0/81: 00
2023.04.03; 19:47:43; Write from 0.0.0 to 4/3/1: 00 
2023.04.03; 19:47:43; Write from 0.0.0 to 20/0/82: 00
2023.04.03; 19:47:43; Write from 0.0.0 to 21/0/67: 00
2023.04.03; 19:47:43; Write from 0.0.0 to 21/0/73: 00
2023.04.03; 19:47:43; Write from 0.0.0 to 21/0/88: 00
2023.04.03; 19:47:43; Write from 0.0.0 to 0/0/2: 00
2023.04.03; 19:47:43; Write from 0.0.0 to 0/0/3: 00
2023.04.03; 19:47:43; Write from 0.0.0 to 20/0/82: 00
2023.04.03; 19:47:43; Write from 0.0.0 to 21/0/67: 00
2023.04.03; 19:47:43; Write from 0.0.0 to 21/0/73: 00
2023.04.03; 19:47:44; Write from 0.0.0 to 0/0/4: 00
2023.04.03; 19:47:44; Write from 0.0.0 to 21/0/88: 00
2023.04.03; 19:47:44; Write from 0.0.0 to 0/2/0: 00 
2023.04.03; 19:47:44; Write from 0.0.0 to 0/2/1: 00 
2023.04.03; 19:47:44; Write from 0.0.0 to 20/0/61: 00
2023.04.03; 19:47:44; Write from 0.0.0 to 20/0/81: 00
2023.04.03; 19:47:44; Write from 0.0.0 to 20/0/82: 00
2023.04.03; 19:47:44; Write from 0.0.0 to 21/0/66: 00
2023.04.03; 19:47:44; Write from 0.0.0 to 21/0/67: 00
2023.04.03; 19:47:44; Write from 0.0.0 to 21/0/72: 00
2023.04.03; 19:47:44; Write from 0.0.0 to 21/0/73: 00
2023.04.03; 19:47:44; Write from 0.0.0 to 21/0/88: 00
2023.04.03; 19:47:44; Write from 0.0.0 to 20/0/67: 00
2023.04.03; 19:47:44; Write from 0.0.0 to 20/0/72: 00
2023.04.03; 19:47:44; Write from 0.0.0 to 0/0/2: 00
2023.04.03; 19:47:45; Write from 0.0.0 to 0/0/3: 00
2023.04.03; 19:47:45; Write from 0.0.0 to 0/0/4: 00
2023.04.03; 19:47:45; Write from 0.0.0 to 0/2/0: 00 
2023.04.03; 19:47:45; Write from 0.0.0 to 0/2/1: 00 
2023.04.03; 19:47:45; Write from 0.0.0 to 20/0/82: 00
2023.04.03; 19:47:45; Write from 0.0.0 to 21/0/66: 00
2023.04.03; 19:47:45; Write from 0.0.0 to 21/0/67: 00
2023.04.03; 19:47:45; Write from 0.0.0 to 21/0/72: 00
2023.04.03; 19:47:45; Write from 0.0.0 to 21/0/73: 00
2023.04.03; 19:47:45; Write from 0.0.0 to 21/0/88: 00
2023.04.03; 19:47:45; Write from 0.0.0 to 20/0/66: 00
2023.04.03; 19:47:46; Write from 0.0.0 to 20/0/72: 00
2023.04.03; 19:47:46; Write from 0.0.0 to 9/0/99: 01
2023.04.03; 19:47:46; Write from 0.0.0 to 20/0/66: 00
2023.04.03; 19:47:46; Write from 0.0.0 to 20/0/67: 00
2023.04.03; 19:47:46; Write from 1.1.16 to 0/0/17: 01
2023.04.03; 19:47:46; Write from 0.0.0 to 1/4/0: 01
2023.04.03; 19:47:46; Write from 0.0.0 to 9/0/99: 01
2023.04.03; 19:47:46; Write from 1.1.24 to 3/0/3: 01
2023.04.03; 19:47:46; Write from 1.1.24 to 3/0/3: 01
2023.04.03; 19:47:46; Write from 0.0.0 to 20/0/72: 00
2023.04.03; 19:47:46; Write from 0.0.0 to 9/0/99: 01
2023.04.03; 19:47:46; Write from 0.0.0 to 1/4/0: 01
2023.04.03; 19:47:46; Write from 0.0.0 to 20/0/72: 00
2023.04.03; 19:47:47; Write from 0.0.0 to 9/0/99: 01
2023.04.03; 19:47:47; Write from 0.0.0 to 9/0/99: 00
2023.04.03; 19:47:47; Write from 0.0.0 to 20/0/66: 00
2023.04.03; 19:47:48; Write from 0.0.0 to 20/0/67: 00
2023.04.03; 19:47:48; Write from 0.0.0 to 9/0/99: 00
2023.04.03; 19:47:49; Write from 0.0.0 to 3/0/10: 18 00 
2023.04.03; 19:47:49; Write from 1.1.23 to 3/6/0: 01
2023.04.03; 19:47:50; Write from 0.0.0 to 20/0/67: 00
2023.04.03; 19:47:50; Write from 0.0.0 to 9/0/99: 01
2023.04.03; 19:47:50; Write from 0.0.0 to 20/0/67: 00
2023.04.03; 19:47:50; Write from 0.0.0 to 3/0/10: 14 63 
2023.04.03; 19:47:51; Write from 0.0.0 to 9/0/99: 01
2023.04.03; 19:47:51; Write from 0.0.0 to 20/0/67: 00
2023.04.03; 19:47:52; Write from 0.0.0 to 9/0/99: 01
2023.04.03; 19:47:53; Write from 0.0.0 to 3/0/10: 0D 00 
2023.04.03; 19:47:53; Write from 0.0.0 to 9/0/99: 01
2023.04.03; 19:47:53; Write from 0.0.0 to 9/0/99: 00
2023.04.03; 19:47:54; Write from 0.0.0 to 20/0/67: 00
2023.04.03; 19:47:54; Write from 0.0.0 to 20/0/67: 00
2023.04.03; 19:47:54; Write from 0.0.0 to 20/0/67: 00
2023.04.03; 19:47:54; Write from 1.1.16 to 0/0/17: 00
2023.04.03; 19:47:54; Write from 0.0.0 to 1/4/0: 00
2023.04.03; 19:47:54; Write from 0.0.0 to 1/4/0: 00
2023.04.03; 19:47:54; Write from 1.1.16 to 0/0/17: 01
2023.04.03; 19:47:54; Write from 0.0.0 to 1/4/0: 01
2023.04.03; 19:47:54; Write from 0.0.0 to 1/4/0: 01
2023.04.03; 19:47:54; Write from 0.0.0 to 20/0/67: 00
2023.04.03; 19:47:55; Write from 0.0.0 to 20/0/67: 00
2023.04.03; 19:47:55; Write from 0.0.0 to 9/0/99: 01
2023.04.03; 19:47:55; Write from 0.0.0 to 20/0/67: 00
2023.04.03; 19:47:55; Write from 1.1.24 to 3/0/3: 01
2023.04.03; 19:47:55; Write from 1.1.24 to 3/0/3: 01
2023.04.03; 19:47:56; Write from 0.0.0 to 9/0/99: 01
2023.04.03; 19:47:57; Write from 1.1.22 to 3/2/0: 01
2023.04.03; 19:47:57; Write from 0.0.0 to 20/0/67: 00
2023.04.03; 19:47:57; Write from 0.0.0 to 9/0/99: 01
2023.04.03; 19:47:58; Write from 1.1.22 to 3/4/0: 01
2023.04.03; 19:47:58; Write from 0.0.0 to 9/0/99: 01
2023.04.03; 19:47:58; Write from 0.0.0 to 9/0/99: 00
2023.04.03; 19:47:59; Write from 0.0.0 to 8/0/1: 01 58 00 F5 
2023.04.03; 19:47:59; Write from 0.0.0 to 8/0/20: 03 FD 
2023.04.03; 19:48:00; Write from 0.0.0 to 20/0/67: 00
2023.04.03; 19:48:00; Write from 0.0.0 to 9/0/99: 01
2023.04.03; 19:48:00; Write from 0.0.0 to 3/0/10: 0B 63 
2023.04.03; 19:48:00; Write from 0.0.0 to 8/0/15: 01 B4 00 A0 
2023.04.03; 19:48:00; Write from 0.0.0 to 8/0/9: 01 A0 00 DA 
2023.04.03; 19:48:01; Write from 0.0.0 to 20/0/67: 00
2023.04.03; 19:48:01; Write from 0.0.0 to 4/7/6: 01 CA 
2023.04.03; 19:48:01; Write from 0.0.0 to 4/7/1: 01 A3 
2023.04.03; 19:48:01; Write from 0.0.0 to 0/3/19: 01
2023.04.03; 19:48:01; Write from 0.0.0 to 4/7/5: 02 C1 
2023.04.03; 19:48:01; Write from 1.1.3 to 1/3/3: 19 37 
2023.04.03; 19:48:01; Write from 0.0.0 to 9/0/99: 01
2023.04.03; 19:48:01; Write from 0.0.0 to 1/2/8: 00 
2023.04.03; 19:48:02; Write from 0.0.0 to 9/0/99: 01
2023.04.03; 19:48:03; Write from 0.0.0 to 1/4/19: 00 
2023.04.03; 19:48:03; Write from 0.0.0 to 9/0/99: 01
2023.04.03; 19:48:03; Write from 0.0.0 to 9/0/99: 00
2023.04.03; 19:48:05; Write from 0.0.0 to 20/0/67: 00
2023.04.03; 19:48:05; Write from 0.0.0 to 9/0/99: 01
2023.04.03; 19:48:06; Write from 1.1.24 to 3/0/3: 01
2023.04.03; 19:48:06; Write from 1.1.13 to 0/0/1: 00
2023.04.03; 19:48:06; Write from 0.0.0 to 1/4/10: 00
2023.04.03; 19:48:06; Write from 0.0.0 to 1/4/10: 00
2023.04.03; 19:48:06; Write from 0.0.0 to 9/0/99: 01
2023.04.03; 19:48:07; Write from 0.0.0 to 9/0/99: 01
2023.04.03; 19:48:08; Write from 0.0.0 to 9/0/99: 01
2023.04.03; 19:48:09; Write from 0.0.0 to 9/0/99: 00
2023.04.03; 19:48:09; Write from 0.0.0 to 3/0/10: 0C 63 
2023.04.03; 19:48:11; Write from 0.0.0 to 4/0/9: 01
2023.04.03; 19:48:11; Write from 0.0.0 to 9/0/99: 01
2023.04.03; 19:48:12; Write from 0.0.0 to 9/0/99: 01
2023.04.03; 19:48:13; Write from 0.0.0 to 9/0/99: 01
2023.04.03; 19:48:14; Write from 0.0.0 to 9/0/99: 01
2023.04.03; 19:48:14; Write from 0.0.0 to 9/0/99: 00
2023.04.03; 19:48:15; Write from 1.1.23 to 3/6/0: 01
2023.04.03; 19:48:16; Write from 0.0.0 to 9/0/99: 01
2023.04.03; 19:48:16; Write from 1.1.24 to 3/0/3: 01
2023.04.03; 19:48:17; Write from 0.0.0 to 9/0/99: 01
2023.04.03; 19:48:18; Write from 0.0.0 to 9/0/99: 01
2023.04.03; 19:48:19; Write from 0.0.0 to 9/0/99: 01
2023.04.03; 19:48:19; Write from 0.0.0 to 9/0/99: 00
2023.04.03; 19:48:20; Write from 1.1.16 to 0/0/17: 00
2023.04.03; 19:48:20; Write from 0.0.0 to 1/4/0: 00
2023.04.03; 19:48:20; Write from 0.0.0 to 1/4/0: 00
2023.04.03; 19:48:21; Write from 0.0.0 to 9/0/99: 01
2023.04.03; 19:48:22; Write from 0.0.0 to 1/2/13: 02 7A 
2023.04.03; 19:48:23; Write from 0.0.0 to 1/2/13: 02 5D 01 
2023.04.03; 19:48:23; Write from 0.0.0 to 1/2/13: 02 8C 02 
2023.04.03; 19:48:23; Write from 0.0.0 to 9/0/99: 01
2023.04.03; 19:48:23; Write from 0.0.0 to 3/0/10: 0A 63 
2023.04.03; 19:48:23; Write from 0.0.0 to 1/2/15: 03 A1 
2023.04.03; 19:48:24; Write from 0.0.0 to 1/2/15: 03 1A 01 
2023.04.03; 19:48:24; Write from 0.0.0 to 1/2/15: 04 32 02 
2023.04.03; 19:48:24; Write from 0.0.0 to 1/2/14: 03 BB 
2023.04.03; 19:48:24; Write from 0.0.0 to 1/2/14: 03 1A 01 
2023.04.03; 19:48:24; Write from 0.0.0 to 1/2/14: 04 32 02 
2023.04.03; 19:48:24; Write from 0.0.0 to 1/2/16: 04 2C 
2023.04.03; 19:48:24; Write from 0.0.0 to 1/2/16: 03 F7 01 
2023.04.03; 19:48:24; Write from 0.0.0 to 1/2/16: 04 65 02 
2023.04.03; 19:48:24; Write from 0.0.0 to 9/0/99: 01
2023.04.03; 19:48:24; Write from 1.1.22 to 3/2/0: 01
2023.04.03; 19:48:24; Write from 0.0.0 to 9/0/99: 01
2023.04.03; 19:48:24; Write from 0.0.0 to 9/0/99: 00
2023.04.03; 20:29:41; Write from 0.0.0 to 9/0/99: 00
2023.04.03; 20:29:41; Write from 1.1.24 to 3/0/3: 01
2023.04.03; 20:29:42; Write from 1.1.16 to 0/0/17: 00
2023.04.03; 20:29:42; Write from 0.0.0 to 1/4/0: 00
2023.04.03; 20:29:42; Write from 0.0.0 to 1/4/0: 00
2023.04.03; 20:29:43; Write from 0.0.0 to 9/0/99: 01
2023.04.03; 20:29:44; Write from 0.0.0 to 9/0/99: 01
2023.04.03; 20:29:45; Write from 0.0.0 to 9/0/99: 01
2023.04.03; 20:29:45; Write from 1.1.22 to 3/2/0: 01
2023.04.03; 20:29:46; Write from 0.0.0 to 9/0/99: 01
2023.04.03; 20:29:46; Write from 0.0.0 to 9/0/99: 00
2023.04.03; 20:29:46; Write from 1.1.23 to 3/6/0: 01
2023.04.03; 20:29:46; Write from 0.0.0 to 1/4/1: 00 
2023.04.03; 20:29:46; Write from 1.1.25 to 3/0/6: 01
2023.04.03; 20:29:46; Write from 0.0.0 to 0/0/14: 01
2023.04.03; 20:29:47; Write from 0.0.0 to 9/0/99: 00
2023.04.03; 20:29:48; Write from 0.0.0 to 9/0/99: 00
2023.04.03; 20:29:49; Write from 0.0.0 to 9/0/99: 00
2023.04.03; 20:29:50; Write from 0.0.0 to 9/0/99: 00
2023.04.03; 20:29:51; Write from 1.1.13 to 0/0/1: 00
2023.04.03; 20:29:51; Write from 0.0.0 to 1/4/10: 00
2023.04.03; 20:29:51; Write from 0.0.0 to 1/4/10: 00
2023.04.03; 20:29:52; Write from 1.1.24 to 3/0/3: 01
2023.04.03; 20:29:52; Write from 0.0.0 to 9/0/99: 01
2023.04.03; 20:29:53; Write from 0.0.0 to 9/0/99: 01
2023.04.03; 20:30:38; Write from 1.1.9 to 1/0/0: 00
2023.04.03; 20:30:39; Write from 0.0.0 to 9/0/99: 01
2023.04.03; 20:30:39; Write from 0.0.0 to 9/0/99: 00
2023.04.03; 20:30:39; Write from 1.1.22 to 3/2/0: 01
2023.04.03; 20:30:41; Write from 0.0.0 to 9/0/99: 01
2023.04.03; 20:30:42; Write from 0.0.0 to 9/0/99: 01
2023.04.03; 20:30:43; Write from 0.0.0 to 9/0/99: 01
2023.04.03; 20:30:44; Write from 0.0.0 to 4/0/9: 01
2023.04.03; 20:30:44; Write from 0.0.0 to 9/0/99: 01
2023.04.03; 20:30:44; Write from 0.0.0 to 9/0/99: 00
2023.04.03; 20:30:44; Write from 0.0.0 to 8/0/16: 00 89 01 00 
2023.04.03; 20:30:44; Write from 1.1.13 to 0/0/1: 00
2023.04.03; 20:30:44; Write from 0.0.0 to 1/4/10: 00
2023.04.03; 20:30:44; Write from 1.1.24 to 3/0/3: 01
2023.04.03; 20:30:44; Write from 1.1.24 to 3/0/3: 01
2023.04.03; 20:30:44; Write from 0.0.0 to 1/4/10: 00
2023.04.03; 20:30:44; Write from 1.1.13 to 0/0/1: 01
2023.04.03; 20:30:44; Write from 0.0.0 to 1/4/10: 01
2023.04.03; 20:30:44; Write from 0.0.0 to 1/4/10: 01
2023.04.03; 20:30:45; Write from 0.0.0 to 8/0/2: 01 F9 00 DF 
2023.04.03; 20:30:46; Write from 0.0.0 to 9/0/99: 01
2023.04.03; 20:30:47; Write from 0.0.0 to 9/0/99: 01
2023.04.03; 20:30:48; Write from 0.0.0 to 9/0/99: 01
2023.04.03; 20:30:48; Write from 0.0.0 to 1/4/19: 00 
2023.04.03; 20:30:48; Write from 0.0.0 to 1/4/19: 01 
2023.04.03; 20:30:49; Write from 0.0.0 to 9/0/99: 01
2023.04.03; 20:30:49; Write from 0.0.0 to 9/0/99: 00
2023.04.03; 20:30:50; Write from 0.0.0 to 9/0/99: 00
2023.04.03; 20:30:52; Write from 0.0.0 to 9/0/99: 01
2023.04.03; 20:30:53; Write from 0.0.0 to 1/4/19: 00 
2023.04.03; 20:30:53; Write from 0.0.0 to 1/4/19: 01 
2023.04.03; 20:30:53; Write from 0.0.0 to 3/0/10: 0B 63 
2023.04.03; 20:30:53; Write from 0.0.0 to 9/0/99: 01
2023.04.03; 20:30:54; Write from 0.0.0 to 9/0/99: 01
2023.04.03; 20:30:55; Write from 1.1.24 to 3/0/3: 01
2023.04.03; 20:30:55; Write from 0.0.0 to 9/0/99: 01
2023.04.03; 20:30:55; Write from 0.0.0 to 9/0/99: 00
2023.04.03; 20:30:56; Write from 0.0.0 to 3/0/10: 0D 00 
2023.04.03; 20:30:57; Write from 0.0.0 to 9/0/99: 01
2023.04.03; 20:30:58; Write from 0.0.0 to 1/4/1: 01 
2023.04.03; 20:30:58; Write from 0.0.0 to 9/0/99: 01
2023.04.03; 20:30:59; Write from 0.0.0 to 9/0/99: 01
2023.04.03; 20:31:00; Write from 0.0.0 to 9/0/99: 01
2023.04.03; 20:31:01; Write from 0.0.0 to 9/0/99: 00
2023.04.03; 20:31:01; Write from 0.0.0 to 4/7/6: 01 C6 
2023.04.03; 20:31:02; Write from 0.0.0 to 4/7/1: 01 98 
2023.04.03; 20:31:02; Write from 0.0.0 to 4/7/5: 02 C2 
2023.04.03; 20:31:02; Write from 0.0.0 to 1/2/8: 00 
2023.04.03; 20:31:15; Write from 1.1.22 to 3/4/0: 01
2023.04.03; 20:31:15; Write from 1.1.13 to 0/0/1: 00
2023.04.03; 20:31:15; Write from 0.0.0 to 1/4/10: 00
2023.04.03; 20:31:15; Write from 1.1.23 to 3/6/0: 01
2023.04.03; 20:31:15; Write from 0.0.0 to 9/0/99: 01
2023.04.03; 20:31:15; Write from 0.0.0 to 9/0/99: 01
2023.04.03; 20:31:15; Write from 0.0.0 to 3/0/10: 18 03 
2023.04.03; 20:31:15; Write from 0.0.0 to 3/0/10: 0C 63 
2023.04.03; 20:31:15; Write from 0.0.0 to 9/0/99: 01
2023.04.03; 20:31:15; Write from 1.1.24 to 3/0/3: 01
2023.04.03; 20:31:15; Write from 0.0.0 to 9/0/99: 01
2023.04.03; 20:31:15; Write from 0.0.0 to 9/0/99: 00
2023.04.03; 20:31:15; Write from 1.1.22 to 3/2/0: 01
2023.04.03; 20:31:15; Write from 0.0.0 to 8/0/8: 01 38 00 B9 
2023.04.03; 20:31:15; Write from 0.0.0 to 9/0/99: 01
2023.04.03; 20:31:15; Write from 0.0.0 to 1/4/19: 00 
2023.04.03; 20:31:15; Write from 0.0.0 to 3/0/10: 0A 63 
2023.04.03; 20:31:15; Write from 0.0.0 to 9/0/99: 01
2023.04.03; 20:31:15; Write from 0.0.0 to 9/0/99: 01
2023.04.03; 20:31:16; Write from 0.0.0 to 9/0/99: 01
2023.04.03; 20:31:16; Write from 0.0.0 to 9/0/99: 00
2023.04.03; 20:31:16; Write from 0.0.0 to 9/0/99: 01
2023.04.03; 20:31:16; Write from 0.0.0 to 9/0/99: 01
2023.04.03; 20:31:16; Write from 0.0.0 to 9/0/99: 01
2023.04.03; 20:31:16; Write from 0.0.0 to 1/4/10: 00
2023.04.03; 20:31:16; Write from 1.1.24 to 3/0/3: 01
2023.04.03; 20:31:16; Write from 0.0.0 to 9/0/99: 01
2023.04.03; 20:31:16; Write from 0.0.0 to 9/0/99: 00
2023.04.03; 20:31:18; Write from 0.0.0 to 9/0/99: 01
2023.04.03; 20:31:19; Write from 0.0.0 to 9/0/99: 01
2023.04.03; 20:31:20; Write from 0.0.0 to 9/0/99: 01
2023.04.03; 20:31:21; Write from 0.0.0 to 9/0/99: 01
2023.04.03; 20:31:21; Write from 0.0.0 to 9/0/99: 00
2023.04.03; 20:31:23; Write from 0.0.0 to 9/0/99: 01
2023.04.03; 20:31:24; Write from 0.0.0 to 9/0/99: 01
2023.04.03; 20:31:24; Write from 1.1.13 to 0/0/1: 01
2023.04.03; 20:31:24; Write from 0.0.0 to 1/4/10: 01
2023.04.03; 20:31:24; Write from 0.0.0 to 1/4/10: 01
2023.04.03; 20:31:25; Write from 0.0.0 to 1/4/19: 01 
2023.04.03; 20:31:25; Write from 0.0.0 to 1/4/19: 00 
2023.04.03; 20:31:25; Write from 0.0.0 to 9/0/99: 01
2023.04.03; 20:31:26; Write from 0.0.0 to 9/0/99: 01
2023.04.03; 20:31:26; Write from 0.0.0 to 9/0/99: 00
2023.04.03; 20:31:26; Write from 1.1.24 to 3/0/3: 01
2023.04.03; 20:31:27; Write from 1.1.24 to 3/0/3: 01
2023.04.03; 20:31:27; Write from 0.0.0 to 3/0/10: 0D 00 
2023.04.03; 20:31:27; Write from 1.1.23 to 3/6/0: 01
2023.04.03; 20:31:27; Write from 1.1.16 to 0/0/17: 01
2023.04.03; 20:31:27; Write from 0.0.0 to 1/4/0: 01
2023.04.03; 20:31:27; Write from 0.0.0 to 1/4/0: 01
2023.04.03; 20:31:28; Write from 0.0.0 to 9/0/99: 00
2023.04.03; 20:31:29; Write from 0.0.0 to 9/0/99: 00
2023.04.03; 20:31:30; Write from 0.0.0 to 9/0/99: 00
2023.04.03; 20:31:30; Write from 0.0.0 to 4/0/11: 01
2023.04.03; 20:31:30; Write from 0.0.0 to 1/2/18: 03 E8 00 65 
2023.04.03; 20:31:31; Write from 1.1.22 to 3/4/0: 01
2023.04.03; 20:31:32; Write from 0.0.0 to 9/0/99: 01
2023.04.03; 20:31:33; Write from 0.0.0 to 9/0/99: 01
2023.04.03; 20:31:33; Write from 0.0.0 to 9/0/99: 00
2023.04.03; 20:31:34; Write from 1.1.22 to 3/2/0: 01
2023.04.03; 20:31:35; Write from 0.0.0 to 1/4/19: 00 
2023.04.03; 20:31:35; Write from 0.0.0 to 9/0/99: 01
2023.04.03; 20:31:36; Write from 1.1.13 to 0/0/1: 00
2023.04.03; 20:31:36; Write from 0.0.0 to 1/4/10: 00
2023.04.03; 20:31:36; Write from 0.0.0 to 1/4/10: 00
2023.04.03; 20:31:36; Write from 0.0.0 to 9/0/99: 01
2023.04.03; 20:31:37; Write from 1.1.24 to 3/0/3: 01
2023.04.03; 20:31:37; Write from 0.0.0 to 9/0/99: 01
2023.04.03; 20:31:38; Write from 0.0.0 to 9/0/99: 01
2023.04.03; 20:31:39; Write from 0.0.0 to 9/0/99: 00
